# JRE version: OpenJDK Runtime Environment (11.0.2+9) (build 11.0.2+9)
# Java VM: OpenJDK 64-Bit Server VM (11.0.2+9, mixed mode, tiered, compressed oops, g1 gc, windows-amd64)
Heap:
 garbage-first heap   total 526336K, used 205633K [0x0000000740000000, 0x0000000800000000)
  region size 1024K, 22 young (22528K), 1 survivors (1024K)
 Metaspace       used 134709K, capacity 136540K, committed 140924K, reserved 1169408K
  class space    used 18576K, capacity 19334K, committed 20912K, reserved 1048576K
GC Heap History (10 events):
Event: 10733.208 GC heap before
{Heap before GC invocations=1460 (full 57):
 garbage-first heap   total 526336K, used 245655K [0x0000000740000000, 0x0000000800000000)
  region size 1024K, 60 young (61440K), 1 survivors (1024K)
 Metaspace       used 134674K, capacity 136472K, committed 140924K, reserved 1169408K
  class space    used 18575K, capacity 19333K, committed 20912K, reserved 1048576K
}
Event: 10733.209 GC heap after
{Heap after GC invocations=1461 (full 57):
 garbage-first heap   total 526336K, used 185166K [0x0000000740000000, 0x0000000800000000)
  region size 1024K, 1 young (1024K), 1 survivors (1024K)
 Metaspace       used 134674K, capacity 136472K, committed 140924K, reserved 1169408K
  class space    used 18575K, capacity 19333K, committed 20912K, reserved 1048576K
}
Event: 10733.785 GC heap before
{Heap before GC invocations=1461 (full 57):
 garbage-first heap   total 526336K, used 245582K [0x0000000740000000, 0x0000000800000000)
  region size 1024K, 60 young (61440K), 1 survivors (1024K)
 Metaspace       used 134674K, capacity 136472K, committed 140924K, reserved 1169408K
  class space    used 18575K, capacity 19333K, committed 20912K, reserved 1048576K
}
Event: 10733.786 GC heap after
{Heap after GC invocations=1462 (full 57):
 garbage-first heap   total 526336K, used 185085K [0x0000000740000000, 0x0000000800000000)
  region size 1024K, 1 young (1024K), 1 survivors (1024K)
 Metaspace       used 134674K, capacity 136472K, committed 140924K, reserved 1169408K
  class space    used 18575K, capacity 19333K, committed 20912K, reserved 1048576K
}
Event: 10734.863 GC heap before
{Heap before GC invocations=1462 (full 57):
 garbage-first heap   total 526336K, used 245501K [0x0000000740000000, 0x0000000800000000)
  region size 1024K, 60 young (61440K), 1 survivors (1024K)
 Metaspace       used 134674K, capacity 136472K, committed 140924K, reserved 1169408K
  class space    used 18575K, capacity 19333K, committed 20912K, reserved 1048576K
}
Event: 10734.864 GC heap after
{Heap after GC invocations=1463 (full 57):
 garbage-first heap   total 526336K, used 185107K [0x0000000740000000, 0x0000000800000000)
  region size 1024K, 1 young (1024K), 1 survivors (1024K)
 Metaspace       used 134674K, capacity 136472K, committed 140924K, reserved 1169408K
  class space    used 18575K, capacity 19333K, committed 20912K, reserved 1048576K
}
Event: 10735.531 GC heap before
{Heap before GC invocations=1463 (full 57):
 garbage-first heap   total 526336K, used 245523K [0x0000000740000000, 0x0000000800000000)
  region size 1024K, 60 young (61440K), 1 survivors (1024K)
 Metaspace       used 134674K, capacity 136472K, committed 140924K, reserved 1169408K
  class space    used 18575K, capacity 19333K, committed 20912K, reserved 1048576K
}
Event: 10735.532 GC heap after
{Heap after GC invocations=1464 (full 57):
 garbage-first heap   total 526336K, used 185108K [0x0000000740000000, 0x0000000800000000)
  region size 1024K, 1 young (1024K), 1 survivors (1024K)
 Metaspace       used 134674K, capacity 136472K, committed 140924K, reserved 1169408K
  class space    used 18575K, capacity 19333K, committed 20912K, reserved 1048576K
}
Event: 10736.501 GC heap before
{Heap before GC invocations=1464 (full 57):
 garbage-first heap   total 526336K, used 245524K [0x0000000740000000, 0x0000000800000000)
  region size 1024K, 60 young (61440K), 1 survivors (1024K)
 Metaspace       used 134674K, capacity 136472K, committed 140924K, reserved 1169408K
  class space    used 18575K, capacity 19333K, committed 20912K, reserved 1048576K
}
Event: 10736.502 GC heap after
{Heap after GC invocations=1465 (full 57):
 garbage-first heap   total 526336K, used 185153K [0x0000000740000000, 0x0000000800000000)
  region size 1024K, 1 young (1024K), 1 survivors (1024K)
 Metaspace       used 134674K, capacity 136472K, committed 140924K, reserved 1169408K
  class space    used 18575K, capacity 19333K, committed 20912K, reserved 1048576K
}

